0 info it worked if it ends with ok
1 verbose cli [ 'C:\\Program Files\\nodejs\\node.exe',
1 verbose cli   'C:\\Program Files\\nodejs\\node_modules\\npm\\bin\\npm-cli.js',
1 verbose cli   'start' ]
2 info using npm@3.10.10
3 info using node@v6.10.3
4 verbose run-script [ 'prestart', 'start', 'poststart' ]
5 info lifecycle shop@1.0.0~prestart: shop@1.0.0
6 silly lifecycle shop@1.0.0~prestart: no script for prestart, continuing
7 info lifecycle shop@1.0.0~start: shop@1.0.0
8 verbose lifecycle shop@1.0.0~start: unsafe-perm in lifecycle true
9 verbose lifecycle shop@1.0.0~start: PATH: C:\Program Files\nodejs\node_modules\npm\bin\node-gyp-bin;C:\Users\Administrator\Desktop\i love study\Node-Typescript-Shop\node_modules\.bin;D:\cmdera\cmder\bin;D:\cmdera\cmder\vendor\conemu-maximus5\ConEmu\Scripts;D:\cmdera\cmder\bin;D:\cmdera\cmder\vendor\conemu-maximus5\ConEmu\Scripts;D:\cmdera\cmder\bin;D:\cmdera\cmder\vendor\conemu-maximus5\ConEmu\Scripts;D:\cmdera\cmder\vendor\conemu-maximus5;D:\cmdera\cmder\vendor\conemu-maximus5\ConEmu;C:\WINDOWS\system32;C:\WINDOWS;C:\WINDOWS\System32\Wbem;C:\WINDOWS\System32\WindowsPowerShell\v1.0\;C:\Program Files\nodejs\;C:\Program Files\Java\jdk1.7.0_80\bin;C:\Program Files\MongoDB\Server\3.4\bin;C:\Program Files\Git\cmd;D:\cmdera\cmder;C:\Users\Administrator\AppData\Local\Microsoft\WindowsApps;C:\Users\Administrator\AppData\Roaming\npm;D:\atom\bin;C:\Users\Administrator\AppData\Local\atom\bin;D:\cmdera\cmder;C:\Program Files\Git\usr\bin;C:\Program Files\Git\usr\share\vim\vim74;D:\cmdera\cmder\;C:\Program Files\Git\usr\bin;C:\Program Files\Git\usr\share\vim\vim74;D:\cmdera\cmder\;C:\Program Files\Git\usr\bin;C:\Program Files\Git\usr\share\vim\vim74;D:\cmdera\cmder\
10 verbose lifecycle shop@1.0.0~start: CWD: C:\Users\Administrator\Desktop\i love study\Node-Typescript-Shop
11 silly lifecycle shop@1.0.0~start: Args: [ '/d /s /c', 'nodemon --debug dist/app.js' ]
12 silly lifecycle shop@1.0.0~start: Returned: code: 3221225786  signal: null
13 info lifecycle shop@1.0.0~start: Failed to exec start script
14 verbose stack Error: shop@1.0.0 start: `nodemon --debug dist/app.js`
14 verbose stack Exit status 3221225786
14 verbose stack     at EventEmitter.<anonymous> (C:\Program Files\nodejs\node_modules\npm\lib\utils\lifecycle.js:255:16)
14 verbose stack     at emitTwo (events.js:106:13)
14 verbose stack     at EventEmitter.emit (events.js:191:7)
14 verbose stack     at ChildProcess.<anonymous> (C:\Program Files\nodejs\node_modules\npm\lib\utils\spawn.js:40:14)
14 verbose stack     at emitTwo (events.js:106:13)
14 verbose stack     at ChildProcess.emit (events.js:191:7)
14 verbose stack     at maybeClose (internal/child_process.js:886:16)
14 verbose stack     at Process.ChildProcess._handle.onexit (internal/child_process.js:226:5)
15 verbose pkgid shop@1.0.0
16 verbose cwd C:\Users\Administrator\Desktop\i love study\Node-Typescript-Shop
17 error Windows_NT 10.0.14393
18 error argv "C:\\Program Files\\nodejs\\node.exe" "C:\\Program Files\\nodejs\\node_modules\\npm\\bin\\npm-cli.js" "start"
19 error node v6.10.3
20 error npm  v3.10.10
21 error code ELIFECYCLE
22 error shop@1.0.0 start: `nodemon --debug dist/app.js`
22 error Exit status 3221225786
23 error Failed at the shop@1.0.0 start script 'nodemon --debug dist/app.js'.
23 error Make sure you have the latest version of node.js and npm installed.
23 error If you do, this is most likely a problem with the shop package,
23 error not with npm itself.
23 error Tell the author that this fails on your system:
23 error     nodemon --debug dist/app.js
23 error You can get information on how to open an issue for this project with:
23 error     npm bugs shop
23 error Or if that isn't available, you can get their info via:
23 error     npm owner ls shop
23 error There is likely additional logging output above.
24 verbose exit [ 1, true ]
